<?xml version="1.0" encoding="utf-8"?><testsuites name="pytest tests"><testsuite name="pytest" errors="0" failures="0" skipped="0" tests="17" time="272.523" timestamp="2026-07-11T19:17:23.479663+03:00" hostname="cd243eb16dbc"><testcase classname="tests.test_artifacts_api" name="test_artifact_status_vocabulary" time="0.004" /><testcase classname="tests.test_artifacts_api" name="test_decision_hash_excludes_self" time="0.001" /><testcase classname="tests.test_artifacts_api" name="test_api_health_and_validation" time="0.026" /><testcase classname="tests.test_artifacts_api" name="test_api_rejects_invalid_ohlc" time="0.009" /><testcase classname="tests.test_data_targets_features" name="test_sample_data_is_deterministic" time="0.011" /><testcase classname="tests.test_data_targets_features" name="test_data_validation_rejects_edge_cases[&lt;lambda&gt;-Duplicate]" time="0.009" /><testcase classname="tests.test_data_targets_features" name="test_data_validation_rejects_edge_cases[&lt;lambda&gt;-ordered]" time="0.007" /><testcase classname="tests.test_data_targets_features" name="test_data_validation_rejects_edge_cases[&lt;lambda&gt;-NaN]" time="0.009" /><testcase classname="tests.test_data_targets_features" name="test_data_validation_rejects_edge_cases[&lt;lambda&gt;-positive]" time="0.008" /><testcase classname="tests.test_data_targets_features" name="test_bps_conversion_uses_log_rule" time="0.001" /><testcase classname="tests.test_data_targets_features" name="test_phase1_target_feature_contracts" time="0.429" /><testcase classname="tests.test_data_targets_features" name="test_hurst_estimator_bounds" time="0.001" /><testcase classname="tests.test_end_to_end" name="test_full_offline_pipeline" time="270.830" /><testcase classname="tests.test_modeling_evaluation" name="test_walk_forward_is_chronological_and_locked" time="0.007" /><testcase classname="tests.test_modeling_evaluation" name="test_modeling_locked_predictions_and_selection" time="0.029" /><testcase classname="tests.test_modeling_evaluation" name="test_phase5_join_and_costs" time="0.012" /><testcase classname="tests.test_modeling_evaluation" name="test_block_bootstrap_reproducible" time="0.001" /></testsuite></testsuites>